[1] "p = 3"
[1] "class of p is numeric"
        rsID chr_name chr_position effect_allele reference_allele effect_weight
1 rs10000008        4    171855053             C                T     -15.83741
2 rs10000011        4    137301901             C                T     -15.83754
3  rs1000002        3    183917980             C                T     -15.83741
4  rs1000003        3     98624063             A                G     -15.83731
5 rs10000030        4    102452997             G                A     -15.83762
6  rs1000007        2    236843411             T                C     -15.83784
pop main
processing chr 1
processing chr 2
processing chr 3
processing chr 4
processing chr 5
processing chr 6
processing chr 7
processing chr 8
processing chr 9
processing chr 10
processing chr 11
processing chr 12
processing chr 13
processing chr 14
processing chr 15
processing chr 16
No variant match in /projects/rpci/wchs/pnfioric/geno_filter_WCHS_Merged_0.01_0.3_AABC_AMBER_FULL/split_files/main/wchs_chr16/chr16.5.gds
processing chr 17
processing chr 18
processing chr 19
processing chr 20
processing chr 21
processing chr 22
No variant match in /projects/rpci/wchs/pnfioric/geno_filter_WCHS_Merged_0.01_0.3_AABC_AMBER_FULL/split_files/main/wchs_chr22/chr22.1.gds
