[1] "p = 1"
[1] "class of p is numeric"
        rsID chr_name chr_position effect_allele reference_allele effect_weight
1 rs11885334        2     56649249             C                T      0.438482
2 rs13400734        2    162663538             T                C      0.426416
3 rs13389219        2    164672366             T                C      0.438648
4 rs12482923       21     19387470             G                A     -0.503079
5    rs29671        5     98644912             C                T      0.497669
6   rs543874        1    177920345             G                A      0.426041
pop main
processing chr 1
No variant match in /projects/rpci/wchs/pnfioric/geno_filter_WCHS_Merged_0.01_0.3_AABC_AMBER_FULL/split_files/main/wchs_chr1/chr1.10.gds
No variant match in /projects/rpci/wchs/pnfioric/geno_filter_WCHS_Merged_0.01_0.3_AABC_AMBER_FULL/split_files/main/wchs_chr1/chr1.4.gds
No variant match in /projects/rpci/wchs/pnfioric/geno_filter_WCHS_Merged_0.01_0.3_AABC_AMBER_FULL/split_files/main/wchs_chr1/chr1.5.gds
No variant match in /projects/rpci/wchs/pnfioric/geno_filter_WCHS_Merged_0.01_0.3_AABC_AMBER_FULL/split_files/main/wchs_chr1/chr1.6.gds
No variant match in /projects/rpci/wchs/pnfioric/geno_filter_WCHS_Merged_0.01_0.3_AABC_AMBER_FULL/split_files/main/wchs_chr1/chr1.9.gds
processing chr 2
No variant match in /projects/rpci/wchs/pnfioric/geno_filter_WCHS_Merged_0.01_0.3_AABC_AMBER_FULL/split_files/main/wchs_chr2/chr2.4.gds
No variant match in /projects/rpci/wchs/pnfioric/geno_filter_WCHS_Merged_0.01_0.3_AABC_AMBER_FULL/split_files/main/wchs_chr2/chr2.5.gds
No variant match in /projects/rpci/wchs/pnfioric/geno_filter_WCHS_Merged_0.01_0.3_AABC_AMBER_FULL/split_files/main/wchs_chr2/chr2.6.gds
No variant match in /projects/rpci/wchs/pnfioric/geno_filter_WCHS_Merged_0.01_0.3_AABC_AMBER_FULL/split_files/main/wchs_chr2/chr2.8.gds
processing chr 3
No variant match in /projects/rpci/wchs/pnfioric/geno_filter_WCHS_Merged_0.01_0.3_AABC_AMBER_FULL/split_files/main/wchs_chr3/chr3.1.gds
No variant match in /projects/rpci/wchs/pnfioric/geno_filter_WCHS_Merged_0.01_0.3_AABC_AMBER_FULL/split_files/main/wchs_chr3/chr3.2.gds
No variant match in /projects/rpci/wchs/pnfioric/geno_filter_WCHS_Merged_0.01_0.3_AABC_AMBER_FULL/split_files/main/wchs_chr3/chr3.3.gds
No variant match in /projects/rpci/wchs/pnfioric/geno_filter_WCHS_Merged_0.01_0.3_AABC_AMBER_FULL/split_files/main/wchs_chr3/chr3.4.gds
No variant match in /projects/rpci/wchs/pnfioric/geno_filter_WCHS_Merged_0.01_0.3_AABC_AMBER_FULL/split_files/main/wchs_chr3/chr3.5.gds
No variant match in /projects/rpci/wchs/pnfioric/geno_filter_WCHS_Merged_0.01_0.3_AABC_AMBER_FULL/split_files/main/wchs_chr3/chr3.6.gds
No variant match in /projects/rpci/wchs/pnfioric/geno_filter_WCHS_Merged_0.01_0.3_AABC_AMBER_FULL/split_files/main/wchs_chr3/chr3.7.gds
processing chr 4
No variant match in /projects/rpci/wchs/pnfioric/geno_filter_WCHS_Merged_0.01_0.3_AABC_AMBER_FULL/split_files/main/wchs_chr4/chr4.1.gds
No variant match in /projects/rpci/wchs/pnfioric/geno_filter_WCHS_Merged_0.01_0.3_AABC_AMBER_FULL/split_files/main/wchs_chr4/chr4.2.gds
No variant match in /projects/rpci/wchs/pnfioric/geno_filter_WCHS_Merged_0.01_0.3_AABC_AMBER_FULL/split_files/main/wchs_chr4/chr4.3.gds
No variant match in /projects/rpci/wchs/pnfioric/geno_filter_WCHS_Merged_0.01_0.3_AABC_AMBER_FULL/split_files/main/wchs_chr4/chr4.4.gds
No variant match in /projects/rpci/wchs/pnfioric/geno_filter_WCHS_Merged_0.01_0.3_AABC_AMBER_FULL/split_files/main/wchs_chr4/chr4.6.gds
No variant match in /projects/rpci/wchs/pnfioric/geno_filter_WCHS_Merged_0.01_0.3_AABC_AMBER_FULL/split_files/main/wchs_chr4/chr4.8.gds
processing chr 5
No variant match in /projects/rpci/wchs/pnfioric/geno_filter_WCHS_Merged_0.01_0.3_AABC_AMBER_FULL/split_files/main/wchs_chr5/chr5.1.gds
No variant match in /projects/rpci/wchs/pnfioric/geno_filter_WCHS_Merged_0.01_0.3_AABC_AMBER_FULL/split_files/main/wchs_chr5/chr5.10.gds
No variant match in /projects/rpci/wchs/pnfioric/geno_filter_WCHS_Merged_0.01_0.3_AABC_AMBER_FULL/split_files/main/wchs_chr5/chr5.2.gds
No variant match in /projects/rpci/wchs/pnfioric/geno_filter_WCHS_Merged_0.01_0.3_AABC_AMBER_FULL/split_files/main/wchs_chr5/chr5.3.gds
No variant match in /projects/rpci/wchs/pnfioric/geno_filter_WCHS_Merged_0.01_0.3_AABC_AMBER_FULL/split_files/main/wchs_chr5/chr5.4.gds
No variant match in /projects/rpci/wchs/pnfioric/geno_filter_WCHS_Merged_0.01_0.3_AABC_AMBER_FULL/split_files/main/wchs_chr5/chr5.5.gds
No variant match in /projects/rpci/wchs/pnfioric/geno_filter_WCHS_Merged_0.01_0.3_AABC_AMBER_FULL/split_files/main/wchs_chr5/chr5.7.gds
No variant match in /projects/rpci/wchs/pnfioric/geno_filter_WCHS_Merged_0.01_0.3_AABC_AMBER_FULL/split_files/main/wchs_chr5/chr5.8.gds
processing chr 6
No variant match in /projects/rpci/wchs/pnfioric/geno_filter_WCHS_Merged_0.01_0.3_AABC_AMBER_FULL/split_files/main/wchs_chr6/chr6.1.gds
No variant match in /projects/rpci/wchs/pnfioric/geno_filter_WCHS_Merged_0.01_0.3_AABC_AMBER_FULL/split_files/main/wchs_chr6/chr6.10.gds
No variant match in /projects/rpci/wchs/pnfioric/geno_filter_WCHS_Merged_0.01_0.3_AABC_AMBER_FULL/split_files/main/wchs_chr6/chr6.4.gds
No variant match in /projects/rpci/wchs/pnfioric/geno_filter_WCHS_Merged_0.01_0.3_AABC_AMBER_FULL/split_files/main/wchs_chr6/chr6.5.gds
No variant match in /projects/rpci/wchs/pnfioric/geno_filter_WCHS_Merged_0.01_0.3_AABC_AMBER_FULL/split_files/main/wchs_chr6/chr6.6.gds
No variant match in /projects/rpci/wchs/pnfioric/geno_filter_WCHS_Merged_0.01_0.3_AABC_AMBER_FULL/split_files/main/wchs_chr6/chr6.7.gds
No variant match in /projects/rpci/wchs/pnfioric/geno_filter_WCHS_Merged_0.01_0.3_AABC_AMBER_FULL/split_files/main/wchs_chr6/chr6.8.gds
No variant match in /projects/rpci/wchs/pnfioric/geno_filter_WCHS_Merged_0.01_0.3_AABC_AMBER_FULL/split_files/main/wchs_chr6/chr6.9.gds
processing chr 7
No variant match in /projects/rpci/wchs/pnfioric/geno_filter_WCHS_Merged_0.01_0.3_AABC_AMBER_FULL/split_files/main/wchs_chr7/chr7.1.gds
No variant match in /projects/rpci/wchs/pnfioric/geno_filter_WCHS_Merged_0.01_0.3_AABC_AMBER_FULL/split_files/main/wchs_chr7/chr7.10.gds
No variant match in /projects/rpci/wchs/pnfioric/geno_filter_WCHS_Merged_0.01_0.3_AABC_AMBER_FULL/split_files/main/wchs_chr7/chr7.5.gds
No variant match in /projects/rpci/wchs/pnfioric/geno_filter_WCHS_Merged_0.01_0.3_AABC_AMBER_FULL/split_files/main/wchs_chr7/chr7.7.gds
No variant match in /projects/rpci/wchs/pnfioric/geno_filter_WCHS_Merged_0.01_0.3_AABC_AMBER_FULL/split_files/main/wchs_chr7/chr7.8.gds
No variant match in /projects/rpci/wchs/pnfioric/geno_filter_WCHS_Merged_0.01_0.3_AABC_AMBER_FULL/split_files/main/wchs_chr7/chr7.9.gds
processing chr 9
No variant match in /projects/rpci/wchs/pnfioric/geno_filter_WCHS_Merged_0.01_0.3_AABC_AMBER_FULL/split_files/main/wchs_chr9/chr9.1.gds
No variant match in /projects/rpci/wchs/pnfioric/geno_filter_WCHS_Merged_0.01_0.3_AABC_AMBER_FULL/split_files/main/wchs_chr9/chr9.2.gds
No variant match in /projects/rpci/wchs/pnfioric/geno_filter_WCHS_Merged_0.01_0.3_AABC_AMBER_FULL/split_files/main/wchs_chr9/chr9.3.gds
No variant match in /projects/rpci/wchs/pnfioric/geno_filter_WCHS_Merged_0.01_0.3_AABC_AMBER_FULL/split_files/main/wchs_chr9/chr9.4.gds
No variant match in /projects/rpci/wchs/pnfioric/geno_filter_WCHS_Merged_0.01_0.3_AABC_AMBER_FULL/split_files/main/wchs_chr9/chr9.6.gds
No variant match in /projects/rpci/wchs/pnfioric/geno_filter_WCHS_Merged_0.01_0.3_AABC_AMBER_FULL/split_files/main/wchs_chr9/chr9.7.gds
No variant match in /projects/rpci/wchs/pnfioric/geno_filter_WCHS_Merged_0.01_0.3_AABC_AMBER_FULL/split_files/main/wchs_chr9/chr9.8.gds
processing chr 10
No variant match in /projects/rpci/wchs/pnfioric/geno_filter_WCHS_Merged_0.01_0.3_AABC_AMBER_FULL/split_files/main/wchs_chr10/chr10.10.gds
No variant match in /projects/rpci/wchs/pnfioric/geno_filter_WCHS_Merged_0.01_0.3_AABC_AMBER_FULL/split_files/main/wchs_chr10/chr10.2.gds
No variant match in /projects/rpci/wchs/pnfioric/geno_filter_WCHS_Merged_0.01_0.3_AABC_AMBER_FULL/split_files/main/wchs_chr10/chr10.3.gds
No variant match in /projects/rpci/wchs/pnfioric/geno_filter_WCHS_Merged_0.01_0.3_AABC_AMBER_FULL/split_files/main/wchs_chr10/chr10.4.gds
No variant match in /projects/rpci/wchs/pnfioric/geno_filter_WCHS_Merged_0.01_0.3_AABC_AMBER_FULL/split_files/main/wchs_chr10/chr10.5.gds
No variant match in /projects/rpci/wchs/pnfioric/geno_filter_WCHS_Merged_0.01_0.3_AABC_AMBER_FULL/split_files/main/wchs_chr10/chr10.6.gds
No variant match in /projects/rpci/wchs/pnfioric/geno_filter_WCHS_Merged_0.01_0.3_AABC_AMBER_FULL/split_files/main/wchs_chr10/chr10.9.gds
processing chr 11
No variant match in /projects/rpci/wchs/pnfioric/geno_filter_WCHS_Merged_0.01_0.3_AABC_AMBER_FULL/split_files/main/wchs_chr11/chr11.10.gds
No variant match in /projects/rpci/wchs/pnfioric/geno_filter_WCHS_Merged_0.01_0.3_AABC_AMBER_FULL/split_files/main/wchs_chr11/chr11.2.gds
No variant match in /projects/rpci/wchs/pnfioric/geno_filter_WCHS_Merged_0.01_0.3_AABC_AMBER_FULL/split_files/main/wchs_chr11/chr11.3.gds
No variant match in /projects/rpci/wchs/pnfioric/geno_filter_WCHS_Merged_0.01_0.3_AABC_AMBER_FULL/split_files/main/wchs_chr11/chr11.4.gds
No variant match in /projects/rpci/wchs/pnfioric/geno_filter_WCHS_Merged_0.01_0.3_AABC_AMBER_FULL/split_files/main/wchs_chr11/chr11.5.gds
No variant match in /projects/rpci/wchs/pnfioric/geno_filter_WCHS_Merged_0.01_0.3_AABC_AMBER_FULL/split_files/main/wchs_chr11/chr11.6.gds
No variant match in /projects/rpci/wchs/pnfioric/geno_filter_WCHS_Merged_0.01_0.3_AABC_AMBER_FULL/split_files/main/wchs_chr11/chr11.7.gds
No variant match in /projects/rpci/wchs/pnfioric/geno_filter_WCHS_Merged_0.01_0.3_AABC_AMBER_FULL/split_files/main/wchs_chr11/chr11.8.gds
No variant match in /projects/rpci/wchs/pnfioric/geno_filter_WCHS_Merged_0.01_0.3_AABC_AMBER_FULL/split_files/main/wchs_chr11/chr11.9.gds
processing chr 12
No variant match in /projects/rpci/wchs/pnfioric/geno_filter_WCHS_Merged_0.01_0.3_AABC_AMBER_FULL/split_files/main/wchs_chr12/chr12.1.gds
No variant match in /projects/rpci/wchs/pnfioric/geno_filter_WCHS_Merged_0.01_0.3_AABC_AMBER_FULL/split_files/main/wchs_chr12/chr12.2.gds
No variant match in /projects/rpci/wchs/pnfioric/geno_filter_WCHS_Merged_0.01_0.3_AABC_AMBER_FULL/split_files/main/wchs_chr12/chr12.3.gds
No variant match in /projects/rpci/wchs/pnfioric/geno_filter_WCHS_Merged_0.01_0.3_AABC_AMBER_FULL/split_files/main/wchs_chr12/chr12.4.gds
No variant match in /projects/rpci/wchs/pnfioric/geno_filter_WCHS_Merged_0.01_0.3_AABC_AMBER_FULL/split_files/main/wchs_chr12/chr12.7.gds
No variant match in /projects/rpci/wchs/pnfioric/geno_filter_WCHS_Merged_0.01_0.3_AABC_AMBER_FULL/split_files/main/wchs_chr12/chr12.8.gds
processing chr 14
No variant match in /projects/rpci/wchs/pnfioric/geno_filter_WCHS_Merged_0.01_0.3_AABC_AMBER_FULL/split_files/main/wchs_chr14/chr14.1.gds
No variant match in /projects/rpci/wchs/pnfioric/geno_filter_WCHS_Merged_0.01_0.3_AABC_AMBER_FULL/split_files/main/wchs_chr14/chr14.2.gds
No variant match in /projects/rpci/wchs/pnfioric/geno_filter_WCHS_Merged_0.01_0.3_AABC_AMBER_FULL/split_files/main/wchs_chr14/chr14.3.gds
No variant match in /projects/rpci/wchs/pnfioric/geno_filter_WCHS_Merged_0.01_0.3_AABC_AMBER_FULL/split_files/main/wchs_chr14/chr14.4.gds
No variant match in /projects/rpci/wchs/pnfioric/geno_filter_WCHS_Merged_0.01_0.3_AABC_AMBER_FULL/split_files/main/wchs_chr14/chr14.5.gds
No variant match in /projects/rpci/wchs/pnfioric/geno_filter_WCHS_Merged_0.01_0.3_AABC_AMBER_FULL/split_files/main/wchs_chr14/chr14.6.gds
No variant match in /projects/rpci/wchs/pnfioric/geno_filter_WCHS_Merged_0.01_0.3_AABC_AMBER_FULL/split_files/main/wchs_chr14/chr14.7.gds
No variant match in /projects/rpci/wchs/pnfioric/geno_filter_WCHS_Merged_0.01_0.3_AABC_AMBER_FULL/split_files/main/wchs_chr14/chr14.9.gds
processing chr 15
No variant match in /projects/rpci/wchs/pnfioric/geno_filter_WCHS_Merged_0.01_0.3_AABC_AMBER_FULL/split_files/main/wchs_chr15/chr15.1.gds
No variant match in /projects/rpci/wchs/pnfioric/geno_filter_WCHS_Merged_0.01_0.3_AABC_AMBER_FULL/split_files/main/wchs_chr15/chr15.2.gds
No variant match in /projects/rpci/wchs/pnfioric/geno_filter_WCHS_Merged_0.01_0.3_AABC_AMBER_FULL/split_files/main/wchs_chr15/chr15.4.gds
No variant match in /projects/rpci/wchs/pnfioric/geno_filter_WCHS_Merged_0.01_0.3_AABC_AMBER_FULL/split_files/main/wchs_chr15/chr15.5.gds
No variant match in /projects/rpci/wchs/pnfioric/geno_filter_WCHS_Merged_0.01_0.3_AABC_AMBER_FULL/split_files/main/wchs_chr15/chr15.6.gds
No variant match in /projects/rpci/wchs/pnfioric/geno_filter_WCHS_Merged_0.01_0.3_AABC_AMBER_FULL/split_files/main/wchs_chr15/chr15.7.gds
No variant match in /projects/rpci/wchs/pnfioric/geno_filter_WCHS_Merged_0.01_0.3_AABC_AMBER_FULL/split_files/main/wchs_chr15/chr15.8.gds
No variant match in /projects/rpci/wchs/pnfioric/geno_filter_WCHS_Merged_0.01_0.3_AABC_AMBER_FULL/split_files/main/wchs_chr15/chr15.9.gds
processing chr 16
No variant match in /projects/rpci/wchs/pnfioric/geno_filter_WCHS_Merged_0.01_0.3_AABC_AMBER_FULL/split_files/main/wchs_chr16/chr16.1.gds
No variant match in /projects/rpci/wchs/pnfioric/geno_filter_WCHS_Merged_0.01_0.3_AABC_AMBER_FULL/split_files/main/wchs_chr16/chr16.10.gds
No variant match in /projects/rpci/wchs/pnfioric/geno_filter_WCHS_Merged_0.01_0.3_AABC_AMBER_FULL/split_files/main/wchs_chr16/chr16.2.gds
No variant match in /projects/rpci/wchs/pnfioric/geno_filter_WCHS_Merged_0.01_0.3_AABC_AMBER_FULL/split_files/main/wchs_chr16/chr16.3.gds
No variant match in /projects/rpci/wchs/pnfioric/geno_filter_WCHS_Merged_0.01_0.3_AABC_AMBER_FULL/split_files/main/wchs_chr16/chr16.4.gds
No variant match in /projects/rpci/wchs/pnfioric/geno_filter_WCHS_Merged_0.01_0.3_AABC_AMBER_FULL/split_files/main/wchs_chr16/chr16.5.gds
No variant match in /projects/rpci/wchs/pnfioric/geno_filter_WCHS_Merged_0.01_0.3_AABC_AMBER_FULL/split_files/main/wchs_chr16/chr16.6.gds
No variant match in /projects/rpci/wchs/pnfioric/geno_filter_WCHS_Merged_0.01_0.3_AABC_AMBER_FULL/split_files/main/wchs_chr16/chr16.8.gds
No variant match in /projects/rpci/wchs/pnfioric/geno_filter_WCHS_Merged_0.01_0.3_AABC_AMBER_FULL/split_files/main/wchs_chr16/chr16.9.gds
processing chr 17
No variant match in /projects/rpci/wchs/pnfioric/geno_filter_WCHS_Merged_0.01_0.3_AABC_AMBER_FULL/split_files/main/wchs_chr17/chr17.1.gds
No variant match in /projects/rpci/wchs/pnfioric/geno_filter_WCHS_Merged_0.01_0.3_AABC_AMBER_FULL/split_files/main/wchs_chr17/chr17.10.gds
No variant match in /projects/rpci/wchs/pnfioric/geno_filter_WCHS_Merged_0.01_0.3_AABC_AMBER_FULL/split_files/main/wchs_chr17/chr17.2.gds
No variant match in /projects/rpci/wchs/pnfioric/geno_filter_WCHS_Merged_0.01_0.3_AABC_AMBER_FULL/split_files/main/wchs_chr17/chr17.3.gds
No variant match in /projects/rpci/wchs/pnfioric/geno_filter_WCHS_Merged_0.01_0.3_AABC_AMBER_FULL/split_files/main/wchs_chr17/chr17.4.gds
No variant match in /projects/rpci/wchs/pnfioric/geno_filter_WCHS_Merged_0.01_0.3_AABC_AMBER_FULL/split_files/main/wchs_chr17/chr17.5.gds
No variant match in /projects/rpci/wchs/pnfioric/geno_filter_WCHS_Merged_0.01_0.3_AABC_AMBER_FULL/split_files/main/wchs_chr17/chr17.6.gds
No variant match in /projects/rpci/wchs/pnfioric/geno_filter_WCHS_Merged_0.01_0.3_AABC_AMBER_FULL/split_files/main/wchs_chr17/chr17.7.gds
processing chr 18
No variant match in /projects/rpci/wchs/pnfioric/geno_filter_WCHS_Merged_0.01_0.3_AABC_AMBER_FULL/split_files/main/wchs_chr18/chr18.1.gds
No variant match in /projects/rpci/wchs/pnfioric/geno_filter_WCHS_Merged_0.01_0.3_AABC_AMBER_FULL/split_files/main/wchs_chr18/chr18.2.gds
No variant match in /projects/rpci/wchs/pnfioric/geno_filter_WCHS_Merged_0.01_0.3_AABC_AMBER_FULL/split_files/main/wchs_chr18/chr18.3.gds
No variant match in /projects/rpci/wchs/pnfioric/geno_filter_WCHS_Merged_0.01_0.3_AABC_AMBER_FULL/split_files/main/wchs_chr18/chr18.4.gds
No variant match in /projects/rpci/wchs/pnfioric/geno_filter_WCHS_Merged_0.01_0.3_AABC_AMBER_FULL/split_files/main/wchs_chr18/chr18.5.gds
No variant match in /projects/rpci/wchs/pnfioric/geno_filter_WCHS_Merged_0.01_0.3_AABC_AMBER_FULL/split_files/main/wchs_chr18/chr18.6.gds
No variant match in /projects/rpci/wchs/pnfioric/geno_filter_WCHS_Merged_0.01_0.3_AABC_AMBER_FULL/split_files/main/wchs_chr18/chr18.7.gds
No variant match in /projects/rpci/wchs/pnfioric/geno_filter_WCHS_Merged_0.01_0.3_AABC_AMBER_FULL/split_files/main/wchs_chr18/chr18.9.gds
processing chr 19
No variant match in /projects/rpci/wchs/pnfioric/geno_filter_WCHS_Merged_0.01_0.3_AABC_AMBER_FULL/split_files/main/wchs_chr19/chr19.1.gds
No variant match in /projects/rpci/wchs/pnfioric/geno_filter_WCHS_Merged_0.01_0.3_AABC_AMBER_FULL/split_files/main/wchs_chr19/chr19.3.gds
No variant match in /projects/rpci/wchs/pnfioric/geno_filter_WCHS_Merged_0.01_0.3_AABC_AMBER_FULL/split_files/main/wchs_chr19/chr19.4.gds
No variant match in /projects/rpci/wchs/pnfioric/geno_filter_WCHS_Merged_0.01_0.3_AABC_AMBER_FULL/split_files/main/wchs_chr19/chr19.5.gds
No variant match in /projects/rpci/wchs/pnfioric/geno_filter_WCHS_Merged_0.01_0.3_AABC_AMBER_FULL/split_files/main/wchs_chr19/chr19.6.gds
No variant match in /projects/rpci/wchs/pnfioric/geno_filter_WCHS_Merged_0.01_0.3_AABC_AMBER_FULL/split_files/main/wchs_chr19/chr19.7.gds
No variant match in /projects/rpci/wchs/pnfioric/geno_filter_WCHS_Merged_0.01_0.3_AABC_AMBER_FULL/split_files/main/wchs_chr19/chr19.8.gds
No variant match in /projects/rpci/wchs/pnfioric/geno_filter_WCHS_Merged_0.01_0.3_AABC_AMBER_FULL/split_files/main/wchs_chr19/chr19.9.gds
processing chr 21
No variant match in /projects/rpci/wchs/pnfioric/geno_filter_WCHS_Merged_0.01_0.3_AABC_AMBER_FULL/split_files/main/wchs_chr21/chr21.1.gds
No variant match in /projects/rpci/wchs/pnfioric/geno_filter_WCHS_Merged_0.01_0.3_AABC_AMBER_FULL/split_files/main/wchs_chr21/chr21.3.gds
No variant match in /projects/rpci/wchs/pnfioric/geno_filter_WCHS_Merged_0.01_0.3_AABC_AMBER_FULL/split_files/main/wchs_chr21/chr21.4.gds
No variant match in /projects/rpci/wchs/pnfioric/geno_filter_WCHS_Merged_0.01_0.3_AABC_AMBER_FULL/split_files/main/wchs_chr21/chr21.5.gds
No variant match in /projects/rpci/wchs/pnfioric/geno_filter_WCHS_Merged_0.01_0.3_AABC_AMBER_FULL/split_files/main/wchs_chr21/chr21.6.gds
No variant match in /projects/rpci/wchs/pnfioric/geno_filter_WCHS_Merged_0.01_0.3_AABC_AMBER_FULL/split_files/main/wchs_chr21/chr21.7.gds
No variant match in /projects/rpci/wchs/pnfioric/geno_filter_WCHS_Merged_0.01_0.3_AABC_AMBER_FULL/split_files/main/wchs_chr21/chr21.8.gds
processing chr 22
No variant match in /projects/rpci/wchs/pnfioric/geno_filter_WCHS_Merged_0.01_0.3_AABC_AMBER_FULL/split_files/main/wchs_chr22/chr22.1.gds
No variant match in /projects/rpci/wchs/pnfioric/geno_filter_WCHS_Merged_0.01_0.3_AABC_AMBER_FULL/split_files/main/wchs_chr22/chr22.2.gds
No variant match in /projects/rpci/wchs/pnfioric/geno_filter_WCHS_Merged_0.01_0.3_AABC_AMBER_FULL/split_files/main/wchs_chr22/chr22.3.gds
No variant match in /projects/rpci/wchs/pnfioric/geno_filter_WCHS_Merged_0.01_0.3_AABC_AMBER_FULL/split_files/main/wchs_chr22/chr22.4.gds
No variant match in /projects/rpci/wchs/pnfioric/geno_filter_WCHS_Merged_0.01_0.3_AABC_AMBER_FULL/split_files/main/wchs_chr22/chr22.5.gds
No variant match in /projects/rpci/wchs/pnfioric/geno_filter_WCHS_Merged_0.01_0.3_AABC_AMBER_FULL/split_files/main/wchs_chr22/chr22.6.gds
No variant match in /projects/rpci/wchs/pnfioric/geno_filter_WCHS_Merged_0.01_0.3_AABC_AMBER_FULL/split_files/main/wchs_chr22/chr22.8.gds
